<?xml version="1.0" encoding="UTF-8"?>
<!-- Generated by org.testng.reporters.JUnitReportReporter -->
<testsuite skipped="0" hostname="Amardeeps-MacBook-Air.local" name="com.selenium.webproject.testcases.loginTest" tests="1" failures="0" timestamp="16 Mar 2019 23:16:44 GMT" time="2.516" errors="0">
  <testcase name="Login" time="2.516" classname="com.selenium.webproject.testcases.loginTest"/>
</testsuite> <!-- com.selenium.webproject.testcases.loginTest -->
