<?xml version="1.0" encoding="UTF-8"?>
<!-- Generated by org.testng.reporters.JUnitReportReporter -->
<testsuite skipped="0" hostname="Amardeeps-MacBook-Air.local" name="com.selenium.webproject.testcases.filter_TestScenarios" tests="4" failures="0" timestamp="19 Mar 2019 00:10:51 GMT" time="6.553" errors="0">
  <testcase name="validUserNameSearch_correctUsername" time="1.353" classname="com.selenium.webproject.testcases.filter_TestScenarios"/>
  <testcase name="validEmailSearch_correctEmail" time="1.491" classname="com.selenium.webproject.testcases.filter_TestScenarios"/>
  <testcase name="invalidEmailSearch_wrongEmail" time="2.456" classname="com.selenium.webproject.testcases.filter_TestScenarios"/>
  <testcase name="invalidUserNameSearch_wrongUserName" time="1.253" classname="com.selenium.webproject.testcases.filter_TestScenarios"/>
</testsuite> <!-- com.selenium.webproject.testcases.filter_TestScenarios -->
