<?xml version="1.0" encoding="UTF-8"?>
<!-- Generated by org.testng.reporters.JUnitReportReporter -->
<testsuite skipped="0" hostname="Amardeeps-MacBook-Air.local" name="com.selenium.webproject.testcases.newUserTest_creationSuccess" tests="2" failures="0" timestamp="18 Mar 2019 00:47:06 GMT" time="30.775" errors="0">
  <testcase name="invalidLoginTest_EmptyPassword" time="13.184" classname="com.selenium.webproject.testcases.newUserTest_creationSuccess"/>
  <testcase name="invalidLoginTest_EmptyUserName" time="17.591" classname="com.selenium.webproject.testcases.newUserTest_creationSuccess"/>
</testsuite> <!-- com.selenium.webproject.testcases.newUserTest_creationSuccess -->
