<?xml version="1.0" encoding="UTF-8"?>
<!-- Generated by org.testng.reporters.JUnitReportReporter -->
<testsuite skipped="0" hostname="Amardeeps-MacBook-Air.local" name="com.selenium.webproject.testcases.newUserTest" tests="1" failures="0" timestamp="17 Mar 2019 04:40:17 GMT" time="2.507" errors="0">
  <testcase name="newUserCreation" time="2.507" classname="com.selenium.webproject.testcases.newUserTest"/>
</testsuite> <!-- com.selenium.webproject.testcases.newUserTest -->
